[    1385ms] [INFO] %cDownload the React DevTools for a better development experience: https://react.dev/link/react-devtools font-weight:bold @ http://localhost:5173/node_modules/.vite/deps/react-dom_client.js?v=bd3e4123:20102
[    1617ms] [WARNING] ⚠️ React Router Future Flag Warning: React Router will begin wrapping state updates in `React.startTransition` in v7. You can use the `v7_startTransition` future flag to opt-in early. For more information, see https://reactrouter.com/v6/upgrading/future#v7_starttransition. @ http://localhost:5173/node_modules/.vite/deps/react-router-dom.js?v=938c8cf3:4426
[    1617ms] [WARNING] ⚠️ React Router Future Flag Warning: Relative route resolution within Splat routes is changing in v7. You can use the `v7_relativeSplatPath` future flag to opt-in early. For more information, see https://reactrouter.com/v6/upgrading/future#v7_relativesplatpath. @ http://localhost:5173/node_modules/.vite/deps/react-router-dom.js?v=938c8cf3:4426
[    1617ms] [ERROR] Failed to load agents: TypeError: Cannot read properties of undefined (reading 'invoke')
    at invoke (http://localhost:5173/node_modules/.vite/deps/chunk-G7S6KQDI.js?v=9388e8b0:109:37)
    at Object.loadAgents (http://localhost:5173/src/lib/useAgents.ts:11:28)
    at refreshAgentList (http://localhost:5173/src/lib/useAgents.ts:29:34)
    at http://localhost:5173/src/ReasonixApp.tsx:225:5
    at Object.react_stack_bottom_frame (http://localhost:5173/node_modules/.vite/deps/react-dom_client.js?v=bd3e4123:18567:20)
    at runWithFiberInDEV (http://localhost:5173/node_modules/.vite/deps/react-dom_client.js?v=bd3e4123:997:72)
    at commitHookEffectListMount (http://localhost:5173/node_modules/.vite/deps/react-dom_client.js?v=bd3e4123:9411:163)
    at commitHookPassiveMountEffects (http://localhost:5173/node_modules/.vite/deps/react-dom_client.js?v=bd3e4123:9465:60)
    at commitPassiveMountOnFiber (http://localhost:5173/node_modules/.vite/deps/react-dom_client.js?v=bd3e4123:11040:29)
    at recursivelyTraversePassiveMountEffects (http://localhost:5173/node_modules/.vite/deps/react-dom_client.js?v=bd3e4123:11010:13) @ http://localhost:5173/src/lib/useAgents.ts:13
[    1687ms] TypeError: Cannot read properties of undefined (reading 'transformCallback')
    at transformCallback (http://localhost:5173/node_modules/.vite/deps/chunk-G7S6KQDI.js?v=9388e8b0:22:37)
    at listen (http://localhost:5173/node_modules/.vite/deps/@tauri-apps_api_event.js?v=16a9c169:38:14)
    at setupListeners (http://localhost:5173/src/lib/reasonixAdapter.ts:135:29)
    at http://localhost:5173/src/lib/reasonixAdapter.ts:200:5
    at Object.react_stack_bottom_frame (http://localhost:5173/node_modules/.vite/deps/react-dom_client.js?v=bd3e4123:18567:20)
    at runWithFiberInDEV (http://localhost:5173/node_modules/.vite/deps/react-dom_client.js?v=bd3e4123:997:72)
    at commitHookEffectListMount (http://localhost:5173/node_modules/.vite/deps/react-dom_client.js?v=bd3e4123:9411:163)
    at commitHookPassiveMountEffects (http://localhost:5173/node_modules/.vite/deps/react-dom_client.js?v=bd3e4123:9465:60)
    at commitPassiveMountOnFiber (http://localhost:5173/node_modules/.vite/deps/react-dom_client.js?v=bd3e4123:11040:29)
    at recursivelyTraversePassiveMountEffects (http://localhost:5173/node_modules/.vite/deps/react-dom_client.js?v=bd3e4123:11010:13)
[    1685ms] [ERROR] Failed to load resource: the server responded with a status of 404 (Not Found) @ http://localhost:5173/favicon.ico:0
